<?xml version="1.0" encoding="UTF-8"?>
<testsuite name="RistinollaRobo.lauta.PelisysteemiTest" tests="8" skipped="0" failures="0" errors="0" timestamp="2020-10-14T16:54:51" hostname="Eliass-MacBook-Air.local" time="0.003">
  <properties/>
  <testcase name="testGetVuoro" classname="RistinollaRobo.lauta.PelisysteemiTest" time="0.0"/>
  <testcase name="testGetVuoroArvona" classname="RistinollaRobo.lauta.PelisysteemiTest" time="0.0"/>
  <testcase name="testVuorojaJaljellaIsoLauta" classname="RistinollaRobo.lauta.PelisysteemiTest" time="0.0"/>
  <testcase name="testVuoroEteenpäin" classname="RistinollaRobo.lauta.PelisysteemiTest" time="0.0"/>
  <testcase name="testSetArvoTaulukkoon" classname="RistinollaRobo.lauta.PelisysteemiTest" time="0.0"/>
  <testcase name="testVuorojaJaljella" classname="RistinollaRobo.lauta.PelisysteemiTest" time="0.001"/>
  <testcase name="testGetArvoTaulukosta" classname="RistinollaRobo.lauta.PelisysteemiTest" time="0.0"/>
  <testcase name="testGetTaulukonPituus" classname="RistinollaRobo.lauta.PelisysteemiTest" time="0.0"/>
  <system-out><![CDATA[]]></system-out>
  <system-err><![CDATA[]]></system-err>
</testsuite>
